c:\users\tolunay\desktop\ders\2017-2018 guz\artificial inteligence\proje\roughset_ga_based_path_planning_10\roughset_ga_based_path_planning\debug\vc140.pdb
c:\users\tolunay\desktop\ders\2017-2018 guz\artificial inteligence\proje\roughset_ga_based_path_planning_10\roughset_ga_based_path_planning\debug\vc140.idb
c:\users\tolunay\desktop\ders\2017-2018 guz\artificial inteligence\proje\roughset_ga_based_path_planning_10\roughset_ga_based_path_planning\debug\geneticalgorithm.obj
c:\users\tolunay\desktop\ders\2017-2018 guz\artificial inteligence\proje\roughset_ga_based_path_planning_10\roughset_ga_based_path_planning\debug\myrobot.obj
c:\users\tolunay\desktop\ders\2017-2018 guz\artificial inteligence\proje\roughset_ga_based_path_planning_10\roughset_ga_based_path_planning\debug\test.obj
c:\users\tolunay\desktop\ders\2017-2018 guz\artificial inteligence\proje\aigrup8final\aigrup8code\roughset_ga_based_path_planning_10\roughset_ga_based_path_planning\debug\vc140.pdb
c:\users\tolunay\desktop\ders\2017-2018 guz\artificial inteligence\proje\aigrup8final\aigrup8code\roughset_ga_based_path_planning_10\roughset_ga_based_path_planning\debug\vc140.idb
c:\users\tolunay\desktop\ders\2017-2018 guz\artificial inteligence\proje\aigrup8final\aigrup8code\roughset_ga_based_path_planning_10\roughset_ga_based_path_planning\debug\geneticalgorithm.obj
c:\users\tolunay\desktop\ders\2017-2018 guz\artificial inteligence\proje\aigrup8final\aigrup8code\roughset_ga_based_path_planning_10\roughset_ga_based_path_planning\debug\myrobot.obj
c:\users\tolunay\desktop\ders\2017-2018 guz\artificial inteligence\proje\roughset_ga_based_path_planning\debug\roughset_ga_based_path_planning.ilk
c:\users\tolunay\desktop\ders\2017-2018 guz\artificial inteligence\proje\roughset_ga_based_path_planning\debug\roughset_ga_based_path_planning.exe
c:\users\tolunay\desktop\ders\2017-2018 guz\artificial inteligence\proje\roughset_ga_based_path_planning\debug\roughset_ga_based_path_planning.pdb
c:\users\tolunay\desktop\ders\2017-2018 guz\artificial inteligence\proje\roughset_ga_based_path_planning_10\debug\roughset_ga_based_path_planning.ilk
c:\users\tolunay\desktop\ders\2017-2018 guz\artificial inteligence\proje\roughset_ga_based_path_planning_10\debug\roughset_ga_based_path_planning.exe
c:\users\tolunay\desktop\ders\2017-2018 guz\artificial inteligence\proje\roughset_ga_based_path_planning_10\debug\roughset_ga_based_path_planning.pdb
c:\users\tolunay\desktop\ders\2017-2018 guz\artificial inteligence\proje\aigrup8final\aigrup8code\roughset_ga_based_path_planning_10\roughset_ga_based_path_planning\debug\geneticalgorithm.obj.enc
c:\users\tolunay\desktop\ders\2017-2018 guz\artificial inteligence\proje\aigrup8final\aigrup8code\roughset_ga_based_path_planning_10\roughset_ga_based_path_planning\debug\myrobot.obj.enc
c:\users\tolunay\desktop\ders\2017-2018 guz\artificial inteligence\proje\aigrup8final\aigrup8code\roughset_ga_based_path_planning_10\roughset_ga_based_path_planning\debug\test.obj.enc
c:\users\tolunay\desktop\ders\2017-2018 guz\artificial inteligence\proje\aigrup8final\aigrup8code\roughset_ga_based_path_planning_10\debug\roughset_ga_based_path_planning.pdb
c:\users\tolunay\desktop\ders\2017-2018 guz\artificial inteligence\proje\aigrup8final\aigrup8code\roughset_ga_based_path_planning_10\debug\roughset_ga_based_path_planning.exe
c:\users\tolunay\desktop\ders\2017-2018 guz\artificial inteligence\proje\aigrup8final\aigrup8code\roughset_ga_based_path_planning_10\debug\roughset_ga_based_path_planning.ilk
c:\users\tolunay\desktop\ders\2017-2018 guz\artificial inteligence\proje\aigrup8final\aigrup8code\roughset_ga_based_path_planning_10\roughset_ga_based_path_planning\debug\roughset.378fef51.tlog\cl.command.1.tlog
c:\users\tolunay\desktop\ders\2017-2018 guz\artificial inteligence\proje\aigrup8final\aigrup8code\roughset_ga_based_path_planning_10\roughset_ga_based_path_planning\debug\roughset.378fef51.tlog\cl.read.1.tlog
c:\users\tolunay\desktop\ders\2017-2018 guz\artificial inteligence\proje\aigrup8final\aigrup8code\roughset_ga_based_path_planning_10\roughset_ga_based_path_planning\debug\roughset.378fef51.tlog\cl.write.1.tlog
c:\users\tolunay\desktop\ders\2017-2018 guz\artificial inteligence\proje\aigrup8final\aigrup8code\roughset_ga_based_path_planning_10\roughset_ga_based_path_planning\debug\roughset.378fef51.tlog\link.command.1.tlog
c:\users\tolunay\desktop\ders\2017-2018 guz\artificial inteligence\proje\aigrup8final\aigrup8code\roughset_ga_based_path_planning_10\roughset_ga_based_path_planning\debug\roughset.378fef51.tlog\link.read.1.tlog
c:\users\tolunay\desktop\ders\2017-2018 guz\artificial inteligence\proje\aigrup8final\aigrup8code\roughset_ga_based_path_planning_10\roughset_ga_based_path_planning\debug\roughset.378fef51.tlog\link.write.1.tlog
