  Test.cpp
c:\users\tolunay\desktop\ders\2017-2018 guz\artificial inteligence\proje\aigrup8fİnal\aigrup8code\roughset_ga_based_path_planning_10\roughset_ga_based_path_planning\test.cpp(88): warning C4244: 'argument': conversion from 'time_t' to 'unsigned int', possible loss of data
c:\users\tolunay\desktop\ders\2017-2018 guz\artificial inteligence\proje\aigrup8fİnal\aigrup8code\roughset_ga_based_path_planning_10\roughset_ga_based_path_planning\test.cpp(205): warning C4305: 'argument': truncation from 'double' to 'GLfloat'
c:\users\tolunay\desktop\ders\2017-2018 guz\artificial inteligence\proje\aigrup8fİnal\aigrup8code\roughset_ga_based_path_planning_10\roughset_ga_based_path_planning\test.cpp(206): warning C4305: 'argument': truncation from 'double' to 'GLfloat'
c:\users\tolunay\desktop\ders\2017-2018 guz\artificial inteligence\proje\aigrup8fİnal\aigrup8code\roughset_ga_based_path_planning_10\roughset_ga_based_path_planning\test.cpp(207): warning C4305: 'argument': truncation from 'double' to 'GLfloat'
c:\users\tolunay\desktop\ders\2017-2018 guz\artificial inteligence\proje\aigrup8fİnal\aigrup8code\roughset_ga_based_path_planning_10\roughset_ga_based_path_planning\test.cpp(208): warning C4305: 'argument': truncation from 'double' to 'GLfloat'
c:\users\tolunay\desktop\ders\2017-2018 guz\artificial inteligence\proje\aigrup8fİnal\aigrup8code\roughset_ga_based_path_planning_10\roughset_ga_based_path_planning\test.cpp(209): warning C4305: 'argument': truncation from 'double' to 'GLfloat'
c:\users\tolunay\desktop\ders\2017-2018 guz\artificial inteligence\proje\aigrup8fİnal\aigrup8code\roughset_ga_based_path_planning_10\roughset_ga_based_path_planning\test.cpp(210): warning C4305: 'argument': truncation from 'double' to 'GLfloat'
c:\users\tolunay\desktop\ders\2017-2018 guz\artificial inteligence\proje\aigrup8fİnal\aigrup8code\roughset_ga_based_path_planning_10\roughset_ga_based_path_planning\test.cpp(211): warning C4305: 'argument': truncation from 'double' to 'GLfloat'
c:\users\tolunay\desktop\ders\2017-2018 guz\artificial inteligence\proje\aigrup8fİnal\aigrup8code\roughset_ga_based_path_planning_10\roughset_ga_based_path_planning\test.cpp(212): warning C4305: 'argument': truncation from 'double' to 'GLfloat'
c:\users\tolunay\desktop\ders\2017-2018 guz\artificial inteligence\proje\aigrup8fİnal\aigrup8code\roughset_ga_based_path_planning_10\roughset_ga_based_path_planning\test.cpp(213): warning C4305: 'argument': truncation from 'double' to 'GLfloat'
c:\users\tolunay\desktop\ders\2017-2018 guz\artificial inteligence\proje\aigrup8fİnal\aigrup8code\roughset_ga_based_path_planning_10\roughset_ga_based_path_planning\test.cpp(214): warning C4305: 'argument': truncation from 'double' to 'GLfloat'
c:\users\tolunay\desktop\ders\2017-2018 guz\artificial inteligence\proje\aigrup8fİnal\aigrup8code\roughset_ga_based_path_planning_10\roughset_ga_based_path_planning\test.cpp(215): warning C4305: 'argument': truncation from 'double' to 'GLfloat'
c:\users\tolunay\desktop\ders\2017-2018 guz\artificial inteligence\proje\aigrup8fİnal\aigrup8code\roughset_ga_based_path_planning_10\roughset_ga_based_path_planning\test.cpp(216): warning C4305: 'argument': truncation from 'double' to 'GLfloat'
c:\users\tolunay\desktop\ders\2017-2018 guz\artificial inteligence\proje\aigrup8fİnal\aigrup8code\roughset_ga_based_path_planning_10\roughset_ga_based_path_planning\test.cpp(217): warning C4305: 'argument': truncation from 'double' to 'GLfloat'
c:\users\tolunay\desktop\ders\2017-2018 guz\artificial inteligence\proje\aigrup8fİnal\aigrup8code\roughset_ga_based_path_planning_10\roughset_ga_based_path_planning\test.cpp(218): warning C4305: 'argument': truncation from 'double' to 'GLfloat'
c:\users\tolunay\desktop\ders\2017-2018 guz\artificial inteligence\proje\aigrup8fİnal\aigrup8code\roughset_ga_based_path_planning_10\roughset_ga_based_path_planning\test.cpp(219): warning C4305: 'argument': truncation from 'double' to 'GLfloat'
c:\users\tolunay\desktop\ders\2017-2018 guz\artificial inteligence\proje\aigrup8fİnal\aigrup8code\roughset_ga_based_path_planning_10\roughset_ga_based_path_planning\test.cpp(220): warning C4305: 'argument': truncation from 'double' to 'GLfloat'
c:\users\tolunay\desktop\ders\2017-2018 guz\artificial inteligence\proje\aigrup8fİnal\aigrup8code\roughset_ga_based_path_planning_10\roughset_ga_based_path_planning\test.cpp(221): warning C4305: 'argument': truncation from 'double' to 'GLfloat'
c:\users\tolunay\desktop\ders\2017-2018 guz\artificial inteligence\proje\aigrup8fİnal\aigrup8code\roughset_ga_based_path_planning_10\roughset_ga_based_path_planning\test.cpp(222): warning C4305: 'argument': truncation from 'double' to 'GLfloat'
c:\users\tolunay\desktop\ders\2017-2018 guz\artificial inteligence\proje\aigrup8fİnal\aigrup8code\roughset_ga_based_path_planning_10\roughset_ga_based_path_planning\test.cpp(223): warning C4305: 'argument': truncation from 'double' to 'GLfloat'
c:\users\tolunay\desktop\ders\2017-2018 guz\artificial inteligence\proje\aigrup8fİnal\aigrup8code\roughset_ga_based_path_planning_10\roughset_ga_based_path_planning\test.cpp(224): warning C4305: 'argument': truncation from 'double' to 'GLfloat'
c:\users\tolunay\desktop\ders\2017-2018 guz\artificial inteligence\proje\aigrup8fİnal\aigrup8code\roughset_ga_based_path_planning_10\roughset_ga_based_path_planning\test.cpp(225): warning C4305: 'argument': truncation from 'double' to 'GLfloat'
c:\users\tolunay\desktop\ders\2017-2018 guz\artificial inteligence\proje\aigrup8fİnal\aigrup8code\roughset_ga_based_path_planning_10\roughset_ga_based_path_planning\test.cpp(226): warning C4305: 'argument': truncation from 'double' to 'GLfloat'
c:\users\tolunay\desktop\ders\2017-2018 guz\artificial inteligence\proje\aigrup8fİnal\aigrup8code\roughset_ga_based_path_planning_10\roughset_ga_based_path_planning\test.cpp(229): warning C4305: 'argument': truncation from 'double' to 'GLfloat'
c:\users\tolunay\desktop\ders\2017-2018 guz\artificial inteligence\proje\aigrup8fİnal\aigrup8code\roughset_ga_based_path_planning_10\roughset_ga_based_path_planning\test.cpp(230): warning C4305: 'argument': truncation from 'double' to 'GLfloat'
c:\users\tolunay\desktop\ders\2017-2018 guz\artificial inteligence\proje\aigrup8fİnal\aigrup8code\roughset_ga_based_path_planning_10\roughset_ga_based_path_planning\test.cpp(231): warning C4305: 'argument': truncation from 'double' to 'GLfloat'
c:\users\tolunay\desktop\ders\2017-2018 guz\artificial inteligence\proje\aigrup8fİnal\aigrup8code\roughset_ga_based_path_planning_10\roughset_ga_based_path_planning\test.cpp(232): warning C4305: 'argument': truncation from 'double' to 'GLfloat'
c:\users\tolunay\desktop\ders\2017-2018 guz\artificial inteligence\proje\aigrup8fİnal\aigrup8code\roughset_ga_based_path_planning_10\roughset_ga_based_path_planning\test.cpp(233): warning C4305: 'argument': truncation from 'double' to 'GLfloat'
c:\users\tolunay\desktop\ders\2017-2018 guz\artificial inteligence\proje\aigrup8fİnal\aigrup8code\roughset_ga_based_path_planning_10\roughset_ga_based_path_planning\test.cpp(234): warning C4305: 'argument': truncation from 'double' to 'GLfloat'
c:\users\tolunay\desktop\ders\2017-2018 guz\artificial inteligence\proje\aigrup8fİnal\aigrup8code\roughset_ga_based_path_planning_10\roughset_ga_based_path_planning\test.cpp(235): warning C4305: 'argument': truncation from 'double' to 'GLfloat'
c:\users\tolunay\desktop\ders\2017-2018 guz\artificial inteligence\proje\aigrup8fİnal\aigrup8code\roughset_ga_based_path_planning_10\roughset_ga_based_path_planning\test.cpp(236): warning C4305: 'argument': truncation from 'double' to 'GLfloat'
c:\users\tolunay\desktop\ders\2017-2018 guz\artificial inteligence\proje\aigrup8fİnal\aigrup8code\roughset_ga_based_path_planning_10\roughset_ga_based_path_planning\test.cpp(237): warning C4305: 'argument': truncation from 'double' to 'GLfloat'
c:\users\tolunay\desktop\ders\2017-2018 guz\artificial inteligence\proje\aigrup8fİnal\aigrup8code\roughset_ga_based_path_planning_10\roughset_ga_based_path_planning\test.cpp(238): warning C4305: 'argument': truncation from 'double' to 'GLfloat'
c:\users\tolunay\desktop\ders\2017-2018 guz\artificial inteligence\proje\aigrup8fİnal\aigrup8code\roughset_ga_based_path_planning_10\roughset_ga_based_path_planning\test.cpp(239): warning C4305: 'argument': truncation from 'double' to 'GLfloat'
c:\users\tolunay\desktop\ders\2017-2018 guz\artificial inteligence\proje\aigrup8fİnal\aigrup8code\roughset_ga_based_path_planning_10\roughset_ga_based_path_planning\test.cpp(240): warning C4305: 'argument': truncation from 'double' to 'GLfloat'
c:\users\tolunay\desktop\ders\2017-2018 guz\artificial inteligence\proje\aigrup8fİnal\aigrup8code\roughset_ga_based_path_planning_10\roughset_ga_based_path_planning\test.cpp(241): warning C4305: 'argument': truncation from 'double' to 'GLfloat'
c:\users\tolunay\desktop\ders\2017-2018 guz\artificial inteligence\proje\aigrup8fİnal\aigrup8code\roughset_ga_based_path_planning_10\roughset_ga_based_path_planning\test.cpp(242): warning C4305: 'argument': truncation from 'double' to 'GLfloat'
c:\users\tolunay\desktop\ders\2017-2018 guz\artificial inteligence\proje\aigrup8fİnal\aigrup8code\roughset_ga_based_path_planning_10\roughset_ga_based_path_planning\test.cpp(243): warning C4305: 'argument': truncation from 'double' to 'GLfloat'
c:\users\tolunay\desktop\ders\2017-2018 guz\artificial inteligence\proje\aigrup8fİnal\aigrup8code\roughset_ga_based_path_planning_10\roughset_ga_based_path_planning\test.cpp(244): warning C4305: 'argument': truncation from 'double' to 'GLfloat'
c:\users\tolunay\desktop\ders\2017-2018 guz\artificial inteligence\proje\aigrup8fİnal\aigrup8code\roughset_ga_based_path_planning_10\roughset_ga_based_path_planning\test.cpp(245): warning C4305: 'argument': truncation from 'double' to 'GLfloat'
c:\users\tolunay\desktop\ders\2017-2018 guz\artificial inteligence\proje\aigrup8fİnal\aigrup8code\roughset_ga_based_path_planning_10\roughset_ga_based_path_planning\test.cpp(246): warning C4305: 'argument': truncation from 'double' to 'GLfloat'
c:\users\tolunay\desktop\ders\2017-2018 guz\artificial inteligence\proje\aigrup8fİnal\aigrup8code\roughset_ga_based_path_planning_10\roughset_ga_based_path_planning\test.cpp(247): warning C4305: 'argument': truncation from 'double' to 'GLfloat'
c:\users\tolunay\desktop\ders\2017-2018 guz\artificial inteligence\proje\aigrup8fİnal\aigrup8code\roughset_ga_based_path_planning_10\roughset_ga_based_path_planning\test.cpp(248): warning C4305: 'argument': truncation from 'double' to 'GLfloat'
c:\users\tolunay\desktop\ders\2017-2018 guz\artificial inteligence\proje\aigrup8fİnal\aigrup8code\roughset_ga_based_path_planning_10\roughset_ga_based_path_planning\test.cpp(249): warning C4305: 'argument': truncation from 'double' to 'GLfloat'
c:\users\tolunay\desktop\ders\2017-2018 guz\artificial inteligence\proje\aigrup8fİnal\aigrup8code\roughset_ga_based_path_planning_10\roughset_ga_based_path_planning\test.cpp(250): warning C4305: 'argument': truncation from 'double' to 'GLfloat'
c:\users\tolunay\desktop\ders\2017-2018 guz\artificial inteligence\proje\aigrup8fİnal\aigrup8code\roughset_ga_based_path_planning_10\roughset_ga_based_path_planning\test.cpp(256): warning C4244: 'argument': conversion from 'double' to 'GLfloat', possible loss of data
c:\users\tolunay\desktop\ders\2017-2018 guz\artificial inteligence\proje\aigrup8fİnal\aigrup8code\roughset_ga_based_path_planning_10\roughset_ga_based_path_planning\test.cpp(257): warning C4244: 'argument': conversion from 'double' to 'GLfloat', possible loss of data
c:\users\tolunay\desktop\ders\2017-2018 guz\artificial inteligence\proje\aigrup8fİnal\aigrup8code\roughset_ga_based_path_planning_10\roughset_ga_based_path_planning\test.cpp(258): warning C4244: 'argument': conversion from 'double' to 'GLfloat', possible loss of data
c:\users\tolunay\desktop\ders\2017-2018 guz\artificial inteligence\proje\aigrup8fİnal\aigrup8code\roughset_ga_based_path_planning_10\roughset_ga_based_path_planning\test.cpp(259): warning C4244: 'argument': conversion from 'double' to 'GLfloat', possible loss of data
c:\users\tolunay\desktop\ders\2017-2018 guz\artificial inteligence\proje\aigrup8fİnal\aigrup8code\roughset_ga_based_path_planning_10\roughset_ga_based_path_planning\test.cpp(265): warning C4244: 'argument': conversion from 'double' to 'GLfloat', possible loss of data
c:\users\tolunay\desktop\ders\2017-2018 guz\artificial inteligence\proje\aigrup8fİnal\aigrup8code\roughset_ga_based_path_planning_10\roughset_ga_based_path_planning\test.cpp(266): warning C4244: 'argument': conversion from 'double' to 'GLfloat', possible loss of data
c:\users\tolunay\desktop\ders\2017-2018 guz\artificial inteligence\proje\aigrup8fİnal\aigrup8code\roughset_ga_based_path_planning_10\roughset_ga_based_path_planning\test.cpp(267): warning C4244: 'argument': conversion from 'double' to 'GLfloat', possible loss of data
c:\users\tolunay\desktop\ders\2017-2018 guz\artificial inteligence\proje\aigrup8fİnal\aigrup8code\roughset_ga_based_path_planning_10\roughset_ga_based_path_planning\test.cpp(268): warning C4244: 'argument': conversion from 'double' to 'GLfloat', possible loss of data
c:\users\tolunay\desktop\ders\2017-2018 guz\artificial inteligence\proje\aigrup8fİnal\aigrup8code\roughset_ga_based_path_planning_10\roughset_ga_based_path_planning\test.cpp(280): warning C4244: 'argument': conversion from 'double' to 'GLfloat', possible loss of data
c:\users\tolunay\desktop\ders\2017-2018 guz\artificial inteligence\proje\aigrup8fİnal\aigrup8code\roughset_ga_based_path_planning_10\roughset_ga_based_path_planning\test.cpp(281): warning C4244: 'argument': conversion from 'double' to 'GLfloat', possible loss of data
c:\users\tolunay\desktop\ders\2017-2018 guz\artificial inteligence\proje\aigrup8fİnal\aigrup8code\roughset_ga_based_path_planning_10\roughset_ga_based_path_planning\test.cpp(282): warning C4244: 'argument': conversion from 'double' to 'GLfloat', possible loss of data
c:\users\tolunay\desktop\ders\2017-2018 guz\artificial inteligence\proje\aigrup8fİnal\aigrup8code\roughset_ga_based_path_planning_10\roughset_ga_based_path_planning\test.cpp(283): warning C4244: 'argument': conversion from 'double' to 'GLfloat', possible loss of data
c:\users\tolunay\desktop\ders\2017-2018 guz\artificial inteligence\proje\aigrup8fİnal\aigrup8code\roughset_ga_based_path_planning_10\roughset_ga_based_path_planning\test.cpp(307): warning C4244: 'argument': conversion from 'double' to 'GLfloat', possible loss of data
c:\users\tolunay\desktop\ders\2017-2018 guz\artificial inteligence\proje\aigrup8fİnal\aigrup8code\roughset_ga_based_path_planning_10\roughset_ga_based_path_planning\test.cpp(308): warning C4244: 'argument': conversion from 'double' to 'GLfloat', possible loss of data
c:\users\tolunay\desktop\ders\2017-2018 guz\artificial inteligence\proje\aigrup8fİnal\aigrup8code\roughset_ga_based_path_planning_10\roughset_ga_based_path_planning\test.cpp(273): warning C4101: 'j': unreferenced local variable
  RoughSet_GA_Based_Path_Planning.vcxproj -> C:\Users\Tolunay\Desktop\ders\2017-2018 Guz\Artificial Inteligence\proje\AIgrup8FİNAL\AIgrup8code\RoughSet_GA_Based_Path_Planning_10\x64\Debug\RoughSet_GA_Based_Path_Planning.exe
  RoughSet_GA_Based_Path_Planning.vcxproj -> C:\Users\Tolunay\Desktop\ders\2017-2018 Guz\Artificial Inteligence\proje\AIgrup8FİNAL\AIgrup8code\RoughSet_GA_Based_Path_Planning_10\x64\Debug\RoughSet_GA_Based_Path_Planning.pdb (Partial PDB)
